-------------------------------------------------------------------------------
Test set: Get All Project
-------------------------------------------------------------------------------
Tests run: 2, Failures: 0, Errors: 2, Skipped: 0, Time elapsed: 0.518 s <<< FAILURE! - in Get All Project
Get All Project.Get all project with invalid token  Time elapsed: 0.48 s  <<< ERROR!
io.cucumber.junit.UndefinedStepException: 
The step 'I set url and invalid token to get all project' and 2 other step(s) are undefined.
You can implement these steps using the snippet(s) below:

@Given("I set url and invalid token to get all project")
public void i_set_url_and_invalid_token_to_get_all_project() {
    // Write code here that turns the phrase above into concrete actions
    throw new io.cucumber.java.PendingException();
}
@When("I request get all project")
public void i_request_get_all_project() {
    // Write code here that turns the phrase above into concrete actions
    throw new io.cucumber.java.PendingException();
}
@Then("get Forbidden message")
public void get_forbidden_message() {
    // Write code here that turns the phrase above into concrete actions
    throw new io.cucumber.java.PendingException();
}


Get All Project.Get all project with valid token  Time elapsed: 0.03 s  <<< ERROR!
io.cucumber.junit.UndefinedStepException: 
The step 'I set url and valid token to get all project' and 2 other step(s) are undefined.
You can implement these steps using the snippet(s) below:

@Given("I set url and valid token to get all project")
public void i_set_url_and_valid_token_to_get_all_project() {
    // Write code here that turns the phrase above into concrete actions
    throw new io.cucumber.java.PendingException();
}
@When("I request get all project")
public void i_request_get_all_project() {
    // Write code here that turns the phrase above into concrete actions
    throw new io.cucumber.java.PendingException();
}
@Then("get list of all my projects")
public void get_list_of_all_my_projects() {
    // Write code here that turns the phrase above into concrete actions
    throw new io.cucumber.java.PendingException();
}


