-------------------------------------------------------------------------------
Test set: Login
-------------------------------------------------------------------------------
Tests run: 1, Failures: 0, Errors: 1, Skipped: 0, Time elapsed: 2.98 s <<< FAILURE! - in Login
Login.Login user dengan username dan password  Time elapsed: 2.98 s  <<< ERROR!
io.cucumber.java.PendingException: TODO: implement me

